RUN	videogamedb.simulations.RampUsersLoadSimulation	rampusersloadsimulation	1752224620723	test	3.8.2
USER	Ramp Users Load Simulation	START	1752224626411
USER	Ramp Users Load Simulation	START	1752224626483
REQUEST		Get all video games	1752224626407	1752224626521	OK	 
REQUEST		Get all video games	1752224626482	1752224626558	OK	 
USER	Ramp Users Load Simulation	START	1752224626586
REQUEST		Get all video games	1752224626584	1752224626658	OK	 
USER	Ramp Users Load Simulation	START	1752224626686
REQUEST		Get all video games	1752224626685	1752224626747	OK	 
USER	Ramp Users Load Simulation	START	1752224626787
USER	Ramp Users Load Simulation	START	1752224626889
REQUEST		Get all video games	1752224626785	1752224626890	OK	 
USER	Ramp Users Load Simulation	START	1752224626988
REQUEST		Get all video games	1752224626885	1752224627004	OK	 
REQUEST		Get all video games	1752224626986	1752224627054	OK	 
USER	Ramp Users Load Simulation	START	1752224627087
USER	Ramp Users Load Simulation	START	1752224627186
REQUEST		Get all video games	1752224627085	1752224627197	OK	 
REQUEST		Get all video games	1752224627185	1752224627253	OK	 
USER	Ramp Users Load Simulation	START	1752224627288
REQUEST		Get all video games	1752224627286	1752224627348	OK	 
USER	Ramp Users Load Simulation	START	1752224627388
USER	Ramp Users Load Simulation	START	1752224627485
REQUEST		Get all video games	1752224627386	1752224627488	OK	 
REQUEST		Get all video games	1752224627483	1752224627548	OK	 
USER	Ramp Users Load Simulation	START	1752224627585
REQUEST		Get all video games	1752224627583	1752224627646	OK	 
USER	Ramp Users Load Simulation	START	1752224627686
REQUEST		Get all video games	1752224627685	1752224627744	OK	 
USER	Ramp Users Load Simulation	START	1752224627787
REQUEST		Get all video games	1752224627785	1752224627846	OK	 
USER	Ramp Users Load Simulation	START	1752224627886
REQUEST		Get all video games	1752224627885	1752224627947	OK	 
USER	Ramp Users Load Simulation	START	1752224627987
REQUEST		Get all video games	1752224627985	1752224628044	OK	 
USER	Ramp Users Load Simulation	START	1752224628085
REQUEST		Get all video games	1752224628084	1752224628145	OK	 
USER	Ramp Users Load Simulation	START	1752224628186
REQUEST		Get all video games	1752224628185	1752224628246	OK	 
USER	Ramp Users Load Simulation	START	1752224628286
REQUEST		Get all video games	1752224628284	1752224628346	OK	 
USER	Ramp Users Load Simulation	START	1752224628388
REQUEST		Get all video games	1752224628387	1752224628438	OK	 
USER	Ramp Users Load Simulation	START	1752224628485
REQUEST		Get all video games	1752224628484	1752224628539	OK	 
USER	Ramp Users Load Simulation	START	1752224628584
REQUEST		Get all video games	1752224628582	1752224628645	OK	 
USER	Ramp Users Load Simulation	START	1752224628683
REQUEST		Get all video games	1752224628682	1752224628738	OK	 
USER	Ramp Users Load Simulation	START	1752224628784
REQUEST		Get all video games	1752224628782	1752224628842	OK	 
USER	Ramp Users Load Simulation	START	1752224628884
REQUEST		Get all video games	1752224628882	1752224628944	OK	 
USER	Ramp Users Load Simulation	START	1752224628984
REQUEST		Get all video games	1752224628983	1752224629039	OK	 
USER	Ramp Users Load Simulation	START	1752224629086
REQUEST		Get all video games	1752224629083	1752224629142	OK	 
USER	Ramp Users Load Simulation	START	1752224629185
REQUEST		Get all video games	1752224629184	1752224629246	OK	 
USER	Ramp Users Load Simulation	START	1752224629286
REQUEST		Get all video games	1752224629285	1752224629341	OK	 
USER	Ramp Users Load Simulation	START	1752224629386
REQUEST		Get all video games	1752224629385	1752224629440	OK	 
USER	Ramp Users Load Simulation	START	1752224629483
REQUEST		Get all video games	1752224629481	1752224629544	OK	 
USER	Ramp Users Load Simulation	START	1752224629582
REQUEST		Get all video games	1752224629581	1752224629643	OK	 
USER	Ramp Users Load Simulation	START	1752224629685
REQUEST		Get all video games	1752224629683	1752224629741	OK	 
USER	Ramp Users Load Simulation	START	1752224629785
REQUEST		Get all video games	1752224629782	1752224629840	OK	 
USER	Ramp Users Load Simulation	START	1752224629885
REQUEST		Get all video games	1752224629884	1752224629936	OK	 
USER	Ramp Users Load Simulation	START	1752224629985
REQUEST		Get all video games	1752224629983	1752224630040	OK	 
USER	Ramp Users Load Simulation	START	1752224630083
REQUEST		Get all video games	1752224630082	1752224630135	OK	 
USER	Ramp Users Load Simulation	START	1752224630184
REQUEST		Get all video games	1752224630184	1752224630242	OK	 
USER	Ramp Users Load Simulation	START	1752224630284
REQUEST		Get all video games	1752224630283	1752224630338	OK	 
USER	Ramp Users Load Simulation	START	1752224630382
REQUEST		Get all video games	1752224630382	1752224630436	OK	 
USER	Ramp Users Load Simulation	START	1752224630481
REQUEST		Get all video games	1752224630481	1752224630536	OK	 
USER	Ramp Users Load Simulation	START	1752224630582
REQUEST		Get all video games	1752224630581	1752224630637	OK	 
USER	Ramp Users Load Simulation	START	1752224630682
REQUEST		Get all video games	1752224630681	1752224630734	OK	 
USER	Ramp Users Load Simulation	START	1752224630784
REQUEST		Get all video games	1752224630782	1752224630836	OK	 
USER	Ramp Users Load Simulation	START	1752224630882
REQUEST		Get all video games	1752224630881	1752224630934	OK	 
USER	Ramp Users Load Simulation	START	1752224630986
REQUEST		Get all video games	1752224630984	1752224631036	OK	 
USER	Ramp Users Load Simulation	START	1752224631081
REQUEST		Get all video games	1752224631081	1752224631141	OK	 
USER	Ramp Users Load Simulation	START	1752224631184
REQUEST		Get all video games	1752224631183	1752224631242	OK	 
USER	Ramp Users Load Simulation	START	1752224631282
REQUEST		Get all video games	1752224631282	1752224631337	OK	 
USER	Ramp Users Load Simulation	START	1752224631384
REQUEST		Get all video games	1752224631382	1752224631437	OK	 
USER	Ramp Users Load Simulation	START	1752224631485
REQUEST		Get all video games	1752224631484	1752224631543	OK	 
USER	Ramp Users Load Simulation	START	1752224631584
REQUEST		Get specific game	1752224631535	1752224631625	OK	 
REQUEST		Get specific game	1752224631560	1752224631627	OK	 
REQUEST		Get all video games	1752224631584	1752224631640	OK	 
USER	Ramp Users Load Simulation	START	1752224631683
REQUEST		Get specific game	1752224631661	1752224631715	OK	 
REQUEST		Get all video games	1752224631682	1752224631735	OK	 
USER	Ramp Users Load Simulation	START	1752224631783
REQUEST		Get specific game	1752224631748	1752224631801	OK	 
REQUEST		Get all video games	1752224631783	1752224631839	OK	 
USER	Ramp Users Load Simulation	START	1752224631883
REQUEST		Get all video games	1752224631882	1752224631945	OK	 
REQUEST		Get specific game	1752224631891	1752224631950	OK	 
USER	Ramp Users Load Simulation	START	1752224631983
REQUEST		Get all video games	1752224631982	1752224632035	OK	 
REQUEST		Get specific game	1752224632008	1752224632056	OK	 
USER	Ramp Users Load Simulation	START	1752224632083
REQUEST		Get specific game	1752224632056	1752224632103	OK	 
REQUEST		Get all video games	1752224632083	1752224632131	OK	 
USER	Ramp Users Load Simulation	START	1752224632185
REQUEST		Get all video games	1752224632185	1752224632238	OK	 
REQUEST		Get specific game	1752224632199	1752224632253	OK	 
USER	Ramp Users Load Simulation	START	1752224632286
REQUEST		Get specific game	1752224632255	1752224632310	OK	 
REQUEST		Get all video games	1752224632285	1752224632333	OK	 
USER	Ramp Users Load Simulation	START	1752224632385
REQUEST		Get specific game	1752224632351	1752224632401	OK	 
REQUEST		Get all video games	1752224632383	1752224632435	OK	 
USER	Ramp Users Load Simulation	START	1752224632482
REQUEST		Get all video games	1752224632481	1752224632531	OK	 
REQUEST		Get specific game	1752224632489	1752224632538	OK	 
USER	Ramp Users Load Simulation	START	1752224632585
REQUEST		Get specific game	1752224632553	1752224632601	OK	 
REQUEST		Get all video games	1752224632584	1752224632638	OK	 
USER	Ramp Users Load Simulation	START	1752224632683
REQUEST		Get specific game	1752224632647	1752224632699	OK	 
REQUEST		Get all video games	1752224632683	1752224632738	OK	 
USER	Ramp Users Load Simulation	START	1752224632784
REQUEST		Get specific game	1752224632747	1752224632796	OK	 
REQUEST		Get all video games	1752224632783	1752224632832	OK	 
USER	Ramp Users Load Simulation	START	1752224632882
REQUEST		Get specific game	1752224632848	1752224632900	OK	 
REQUEST		Get all video games	1752224632882	1752224632931	OK	 
USER	Ramp Users Load Simulation	START	1752224632982
REQUEST		Get specific game	1752224632951	1752224633000	OK	 
REQUEST		Get all video games	1752224632982	1752224633028	OK	 
USER	Ramp Users Load Simulation	START	1752224633094
REQUEST		Get specific game	1752224633046	1752224633125	OK	 
REQUEST		Get all video games	1752224633093	1752224633170	OK	 
USER	Ramp Users Load Simulation	START	1752224633183
REQUEST		Get specific game	1752224633147	1752224633229	OK	 
REQUEST		Get all video games	1752224633182	1752224633242	OK	 
USER	Ramp Users Load Simulation	START	1752224633283
REQUEST		Get specific game	1752224633247	1752224633300	OK	 
REQUEST		Get all video games	1752224633282	1752224633332	OK	 
USER	Ramp Users Load Simulation	START	1752224633384
REQUEST		Get specific game	1752224633349	1752224633401	OK	 
REQUEST		Get all video games	1752224633383	1752224633442	OK	 
USER	Ramp Users Load Simulation	START	1752224633482
REQUEST		Get specific game	1752224633441	1752224633495	OK	 
REQUEST		Get all video games	1752224633481	1752224633543	OK	 
USER	Ramp Users Load Simulation	START	1752224633585
REQUEST		Get specific game	1752224633541	1752224633591	OK	 
REQUEST		Get all video games	1752224633582	1752224633639	OK	 
USER	Ramp Users Load Simulation	START	1752224633684
REQUEST		Get specific game	1752224633648	1752224633705	OK	 
REQUEST		Get all video games	1752224633684	1752224633741	OK	 
USER	Ramp Users Load Simulation	START	1752224633782
REQUEST		Get specific game	1752224633741	1752224633806	OK	 
REQUEST		Get all video games	1752224633781	1752224633833	OK	 
USER	Ramp Users Load Simulation	START	1752224633883
REQUEST		Get specific game	1752224633845	1752224633899	OK	 
REQUEST		Get all video games	1752224633882	1752224633938	OK	 
USER	Ramp Users Load Simulation	START	1752224633983
REQUEST		Get specific game	1752224633947	1752224634001	OK	 
REQUEST		Get all video games	1752224633982	1752224634039	OK	 
USER	Ramp Users Load Simulation	START	1752224634082
REQUEST		Get specific game	1752224634041	1752224634092	OK	 
REQUEST		Get all video games	1752224634081	1752224634135	OK	 
USER	Ramp Users Load Simulation	START	1752224634185
REQUEST		Get specific game	1752224634145	1752224634195	OK	 
REQUEST		Get all video games	1752224634184	1752224634235	OK	 
USER	Ramp Users Load Simulation	START	1752224634284
REQUEST		Get specific game	1752224634248	1752224634301	OK	 
REQUEST		Get all video games	1752224634283	1752224634335	OK	 
USER	Ramp Users Load Simulation	START	1752224634384
REQUEST		Get specific game	1752224634343	1752224634392	OK	 
REQUEST		Get all video games	1752224634384	1752224634450	OK	 
USER	Ramp Users Load Simulation	START	1752224634483
REQUEST		Get specific game	1752224634443	1752224634496	OK	 
REQUEST		Get all video games	1752224634481	1752224634539	OK	 
USER	Ramp Users Load Simulation	START	1752224634583
REQUEST		Get specific game	1752224634547	1752224634605	OK	 
REQUEST		Get all video games	1752224634582	1752224634633	OK	 
USER	Ramp Users Load Simulation	START	1752224634683
REQUEST		Get specific game	1752224634645	1752224634696	OK	 
REQUEST		Get all video games	1752224634681	1752224634734	OK	 
USER	Ramp Users Load Simulation	START	1752224634784
REQUEST		Get specific game	1752224634744	1752224634796	OK	 
REQUEST		Get all video games	1752224634783	1752224634833	OK	 
USER	Ramp Users Load Simulation	START	1752224634884
REQUEST		Get specific game	1752224634841	1752224634896	OK	 
REQUEST		Get all video games	1752224634882	1752224634936	OK	 
USER	Ramp Users Load Simulation	START	1752224634985
REQUEST		Get specific game	1752224634938	1752224634994	OK	 
REQUEST		Get all video games	1752224634983	1752224635042	OK	 
USER	Ramp Users Load Simulation	START	1752224635082
REQUEST		Get specific game	1752224635042	1752224635095	OK	 
REQUEST		Get all video games	1752224635081	1752224635136	OK	 
USER	Ramp Users Load Simulation	START	1752224635182
REQUEST		Get specific game	1752224635136	1752224635192	OK	 
REQUEST		Get all video games	1752224635181	1752224635234	OK	 
USER	Ramp Users Load Simulation	START	1752224635281
REQUEST		Get specific game	1752224635243	1752224635300	OK	 
REQUEST		Get all video games	1752224635281	1752224635330	OK	 
USER	Ramp Users Load Simulation	START	1752224635383
REQUEST		Get specific game	1752224635341	1752224635393	OK	 
REQUEST		Get all video games	1752224635382	1752224635436	OK	 
USER	Ramp Users Load Simulation	START	1752224635481
REQUEST		Get specific game	1752224635437	1752224635488	OK	 
REQUEST		Get all video games	1752224635481	1752224635531	OK	 
USER	Ramp Users Load Simulation	START	1752224635585
REQUEST		Get specific game	1752224635537	1752224635587	OK	 
REQUEST		Get all video games	1752224635583	1752224635642	OK	 
USER	Ramp Users Load Simulation	START	1752224635683
REQUEST		Get specific game	1752224635640	1752224635694	OK	 
REQUEST		Get all video games	1752224635682	1752224635734	OK	 
USER	Ramp Users Load Simulation	START	1752224635785
REQUEST		Get specific game	1752224635735	1752224635786	OK	 
REQUEST		Get all video games	1752224635782	1752224635837	OK	 
USER	Ramp Users Load Simulation	START	1752224635884
REQUEST		Get specific game	1752224635837	1752224635887	OK	 
REQUEST		Get all video games	1752224635882	1752224635933	OK	 
USER	Ramp Users Load Simulation	START	1752224635984
REQUEST		Get specific game	1752224635936	1752224635987	OK	 
REQUEST		Get all video games	1752224635982	1752224636037	OK	 
USER	Ramp Users Load Simulation	START	1752224636082
REQUEST		Get specific game	1752224636040	1752224636087	OK	 
REQUEST		Get all video games	1752224636082	1752224636131	OK	 
USER	Ramp Users Load Simulation	START	1752224636185
REQUEST		Get specific game	1752224636142	1752224636191	OK	 
REQUEST		Get all video games	1752224636182	1752224636239	OK	 
USER	Ramp Users Load Simulation	START	1752224636285
REQUEST		Get specific game	1752224636243	1752224636299	OK	 
REQUEST		Get all video games	1752224636284	1752224636339	OK	 
REQUEST		Get specific game	1752224636340	1752224636394	OK	 
REQUEST		Get specific game	1752224636439	1752224636485	OK	 
REQUEST		Get specific game	1752224636545	1752224636594	OK	 
REQUEST		Get all video games	1752224636627	1752224636684	OK	 
USER	Ramp Users Load Simulation	END	1752224636687
REQUEST		Get all video games	1752224636627	1752224636687	OK	 
USER	Ramp Users Load Simulation	END	1752224636687
REQUEST		Get specific game	1752224636642	1752224636693	OK	 
REQUEST		Get all video games	1752224636716	1752224636769	OK	 
USER	Ramp Users Load Simulation	END	1752224636770
REQUEST		Get specific game	1752224636736	1752224636785	OK	 
REQUEST		Get all video games	1752224636802	1752224636852	OK	 
USER	Ramp Users Load Simulation	END	1752224636853
REQUEST		Get specific game	1752224636839	1752224636886	OK	 
REQUEST		Get all video games	1752224636952	1752224637002	OK	 
USER	Ramp Users Load Simulation	END	1752224637002
REQUEST		Get specific game	1752224636947	1752224637006	OK	 
REQUEST		Get specific game	1752224637037	1752224637088	OK	 
REQUEST		Get all video games	1752224637057	1752224637114	OK	 
USER	Ramp Users Load Simulation	END	1752224637114
REQUEST		Get all video games	1752224637106	1752224637164	OK	 
USER	Ramp Users Load Simulation	END	1752224637166
REQUEST		Get specific game	1752224637133	1752224637195	OK	 
REQUEST		Get specific game	1752224637239	1752224637290	OK	 
REQUEST		Get all video games	1752224637256	1752224637309	OK	 
USER	Ramp Users Load Simulation	END	1752224637311
REQUEST		Get all video games	1752224637312	1752224637365	OK	 
USER	Ramp Users Load Simulation	END	1752224637368
REQUEST		Get specific game	1752224637335	1752224637385	OK	 
REQUEST		Get all video games	1752224637404	1752224637469	OK	 
USER	Ramp Users Load Simulation	END	1752224637470
REQUEST		Get specific game	1752224637438	1752224637493	OK	 
REQUEST		Get specific game	1752224637534	1752224637587	OK	 
REQUEST		Get all video games	1752224637540	1752224637594	OK	 
USER	Ramp Users Load Simulation	END	1752224637596
REQUEST		Get all video games	1752224637603	1752224637659	OK	 
USER	Ramp Users Load Simulation	END	1752224637661
REQUEST		Get specific game	1752224637640	1752224637691	OK	 
REQUEST		Get all video games	1752224637701	1752224637752	OK	 
USER	Ramp Users Load Simulation	END	1752224637753
REQUEST		Get specific game	1752224637742	1752224637793	OK	 
REQUEST		Get all video games	1752224637798	1752224637849	OK	 
USER	Ramp Users Load Simulation	END	1752224637851
REQUEST		Get specific game	1752224637834	1752224637879	OK	 
REQUEST		Get all video games	1752224637902	1752224637955	OK	 
USER	Ramp Users Load Simulation	END	1752224637957
REQUEST		Get specific game	1752224637933	1752224637983	OK	 
REQUEST		Get all video games	1752224638002	1752224638053	OK	 
USER	Ramp Users Load Simulation	END	1752224638055
REQUEST		Get specific game	1752224638030	1752224638085	OK	 
REQUEST		Get all video games	1752224638128	1752224638181	OK	 
USER	Ramp Users Load Simulation	END	1752224638183
REQUEST		Get specific game	1752224638172	1752224638223	OK	 
REQUEST		Get all video games	1752224638230	1752224638284	OK	 
USER	Ramp Users Load Simulation	END	1752224638286
REQUEST		Get specific game	1752224638243	1752224638305	OK	 
REQUEST		Get all video games	1752224638302	1752224638357	OK	 
USER	Ramp Users Load Simulation	END	1752224638359
REQUEST		Get specific game	1752224638335	1752224638389	OK	 
REQUEST		Get all video games	1752224638402	1752224638455	OK	 
USER	Ramp Users Load Simulation	END	1752224638458
REQUEST		Get specific game	1752224638444	1752224638492	OK	 
REQUEST		Get all video games	1752224638496	1752224638550	OK	 
USER	Ramp Users Load Simulation	END	1752224638552
REQUEST		Get specific game	1752224638546	1752224638595	OK	 
REQUEST		Get all video games	1752224638594	1752224638651	OK	 
USER	Ramp Users Load Simulation	END	1752224638653
REQUEST		Get specific game	1752224638642	1752224638694	OK	 
REQUEST		Get all video games	1752224638707	1752224638761	OK	 
USER	Ramp Users Load Simulation	END	1752224638763
REQUEST		Get specific game	1752224638743	1752224638802	OK	 
REQUEST		Get all video games	1752224638808	1752224638904	OK	 
USER	Ramp Users Load Simulation	END	1752224638905
REQUEST		Get specific game	1752224638836	1752224638941	OK	 
REQUEST		Get all video games	1752224638902	1752224639023	OK	 
USER	Ramp Users Load Simulation	END	1752224639024
REQUEST		Get specific game	1752224638939	1752224639064	OK	 
REQUEST		Get all video games	1752224639003	1752224639093	OK	 
USER	Ramp Users Load Simulation	END	1752224639094
REQUEST		Get specific game	1752224639042	1752224639111	OK	 
REQUEST		Get all video games	1752224639094	1752224639148	OK	 
USER	Ramp Users Load Simulation	END	1752224639150
REQUEST		Get specific game	1752224639137	1752224639187	OK	 
REQUEST		Get all video games	1752224639199	1752224639251	OK	 
USER	Ramp Users Load Simulation	END	1752224639252
REQUEST		Get specific game	1752224639237	1752224639287	OK	 
REQUEST		Get all video games	1752224639304	1752224639357	OK	 
USER	Ramp Users Load Simulation	END	1752224639358
REQUEST		Get specific game	1752224639337	1752224639394	OK	 
REQUEST		Get all video games	1752224639394	1752224639443	OK	 
USER	Ramp Users Load Simulation	END	1752224639445
REQUEST		Get specific game	1752224639453	1752224639499	OK	 
REQUEST		Get all video games	1752224639499	1752224639551	OK	 
USER	Ramp Users Load Simulation	END	1752224639553
REQUEST		Get specific game	1752224639541	1752224639595	OK	 
REQUEST		Get all video games	1752224639607	1752224639661	OK	 
USER	Ramp Users Load Simulation	END	1752224639662
REQUEST		Get specific game	1752224639635	1752224639689	OK	 
REQUEST		Get all video games	1752224639698	1752224639752	OK	 
USER	Ramp Users Load Simulation	END	1752224639754
REQUEST		Get specific game	1752224639735	1752224639785	OK	 
REQUEST		Get all video games	1752224639798	1752224639849	OK	 
USER	Ramp Users Load Simulation	END	1752224639851
REQUEST		Get specific game	1752224639836	1752224639887	OK	 
REQUEST		Get all video games	1752224639897	1752224639952	OK	 
USER	Ramp Users Load Simulation	END	1752224639954
REQUEST		Get specific game	1752224639938	1752224639991	OK	 
REQUEST		Get all video games	1752224639996	1752224640047	OK	 
USER	Ramp Users Load Simulation	END	1752224640049
REQUEST		Get specific game	1752224640044	1752224640097	OK	 
REQUEST		Get all video games	1752224640096	1752224640143	OK	 
USER	Ramp Users Load Simulation	END	1752224640145
REQUEST		Get specific game	1752224640137	1752224640185	OK	 
REQUEST		Get all video games	1752224640194	1752224640245	OK	 
USER	Ramp Users Load Simulation	END	1752224640247
REQUEST		Get specific game	1752224640236	1752224640284	OK	 
REQUEST		Get all video games	1752224640302	1752224640352	OK	 
USER	Ramp Users Load Simulation	END	1752224640353
REQUEST		Get specific game	1752224640332	1752224640382	OK	 
REQUEST		Get all video games	1752224640394	1752224640444	OK	 
USER	Ramp Users Load Simulation	END	1752224640446
REQUEST		Get specific game	1752224640438	1752224640488	OK	 
REQUEST		Get all video games	1752224640490	1752224640541	OK	 
USER	Ramp Users Load Simulation	END	1752224640544
REQUEST		Get specific game	1752224640533	1752224640587	OK	 
REQUEST		Get all video games	1752224640588	1752224640640	OK	 
USER	Ramp Users Load Simulation	END	1752224640642
REQUEST		Get specific game	1752224640644	1752224640698	OK	 
REQUEST		Get all video games	1752224640697	1752224640756	OK	 
USER	Ramp Users Load Simulation	END	1752224640758
REQUEST		Get specific game	1752224640736	1752224640784	OK	 
REQUEST		Get all video games	1752224640788	1752224640841	OK	 
USER	Ramp Users Load Simulation	END	1752224640842
REQUEST		Get specific game	1752224640838	1752224640892	OK	 
REQUEST		Get all video games	1752224640889	1752224640938	OK	 
USER	Ramp Users Load Simulation	END	1752224640940
REQUEST		Get specific game	1752224640934	1752224640990	OK	 
REQUEST		Get all video games	1752224640988	1752224641041	OK	 
USER	Ramp Users Load Simulation	END	1752224641042
REQUEST		Get specific game	1752224641039	1752224641090	OK	 
REQUEST		Get all video games	1752224641089	1752224641149	OK	 
USER	Ramp Users Load Simulation	END	1752224641151
REQUEST		Get specific game	1752224641133	1752224641190	OK	 
REQUEST		Get all video games	1752224641193	1752224641250	OK	 
USER	Ramp Users Load Simulation	END	1752224641252
REQUEST		Get specific game	1752224641242	1752224641293	OK	 
REQUEST		Get all video games	1752224641301	1752224641360	OK	 
USER	Ramp Users Load Simulation	END	1752224641361
REQUEST		Get specific game	1752224641341	1752224641396	OK	 
REQUEST		Get all video games	1752224641395	1752224641456	OK	 
USER	Ramp Users Load Simulation	END	1752224641458
REQUEST		Get all video games	1752224641487	1752224641543	OK	 
USER	Ramp Users Load Simulation	END	1752224641545
REQUEST		Get all video games	1752224641596	1752224641659	OK	 
USER	Ramp Users Load Simulation	END	1752224641661
REQUEST		Get all video games	1752224641696	1752224641747	OK	 
USER	Ramp Users Load Simulation	END	1752224641750
REQUEST		Get all video games	1752224641789	1752224641841	OK	 
USER	Ramp Users Load Simulation	END	1752224641842
REQUEST		Get all video games	1752224641887	1752224641943	OK	 
USER	Ramp Users Load Simulation	END	1752224641943
REQUEST		Get all video games	1752224642008	1752224642061	OK	 
USER	Ramp Users Load Simulation	END	1752224642063
REQUEST		Get all video games	1752224642089	1752224642139	OK	 
USER	Ramp Users Load Simulation	END	1752224642140
REQUEST		Get all video games	1752224642196	1752224642252	OK	 
USER	Ramp Users Load Simulation	END	1752224642253
REQUEST		Get all video games	1752224642292	1752224642345	OK	 
USER	Ramp Users Load Simulation	END	1752224642347
REQUEST		Get all video games	1752224642388	1752224642443	OK	 
USER	Ramp Users Load Simulation	END	1752224642444
REQUEST		Get all video games	1752224642494	1752224642542	OK	 
USER	Ramp Users Load Simulation	END	1752224642544
REQUEST		Get all video games	1752224642588	1752224642642	OK	 
USER	Ramp Users Load Simulation	END	1752224642643
REQUEST		Get all video games	1752224642692	1752224642746	OK	 
USER	Ramp Users Load Simulation	END	1752224642747
REQUEST		Get all video games	1752224642795	1752224642846	OK	 
USER	Ramp Users Load Simulation	END	1752224642848
REQUEST		Get all video games	1752224642881	1752224642934	OK	 
USER	Ramp Users Load Simulation	END	1752224642935
REQUEST		Get all video games	1752224642986	1752224643040	OK	 
USER	Ramp Users Load Simulation	END	1752224643042
REQUEST		Get all video games	1752224643087	1752224643136	OK	 
USER	Ramp Users Load Simulation	END	1752224643137
REQUEST		Get all video games	1752224643225	1752224643280	OK	 
USER	Ramp Users Load Simulation	END	1752224643284
REQUEST		Get all video games	1752224643309	1752224643369	OK	 
USER	Ramp Users Load Simulation	END	1752224643371
REQUEST		Get all video games	1752224643392	1752224643440	OK	 
USER	Ramp Users Load Simulation	END	1752224643441
REQUEST		Get all video games	1752224643493	1752224643540	OK	 
USER	Ramp Users Load Simulation	END	1752224643541
REQUEST		Get all video games	1752224643597	1752224643653	OK	 
USER	Ramp Users Load Simulation	END	1752224643655
REQUEST		Get all video games	1752224643695	1752224643743	OK	 
USER	Ramp Users Load Simulation	END	1752224643745
REQUEST		Get all video games	1752224643804	1752224643853	OK	 
USER	Ramp Users Load Simulation	END	1752224643855
REQUEST		Get all video games	1752224643944	1752224643991	OK	 
USER	Ramp Users Load Simulation	END	1752224643993
REQUEST		Get all video games	1752224644066	1752224644115	OK	 
USER	Ramp Users Load Simulation	END	1752224644116
REQUEST		Get all video games	1752224644112	1752224644158	OK	 
USER	Ramp Users Load Simulation	END	1752224644159
REQUEST		Get all video games	1752224644189	1752224644241	OK	 
USER	Ramp Users Load Simulation	END	1752224644243
REQUEST		Get all video games	1752224644288	1752224644339	OK	 
USER	Ramp Users Load Simulation	END	1752224644341
REQUEST		Get all video games	1752224644396	1752224644448	OK	 
USER	Ramp Users Load Simulation	END	1752224644452
REQUEST		Get all video games	1752224644500	1752224644551	OK	 
USER	Ramp Users Load Simulation	END	1752224644553
REQUEST		Get all video games	1752224644597	1752224644646	OK	 
USER	Ramp Users Load Simulation	END	1752224644646
REQUEST		Get all video games	1752224644691	1752224644739	OK	 
USER	Ramp Users Load Simulation	END	1752224644741
REQUEST		Get all video games	1752224644787	1752224644840	OK	 
USER	Ramp Users Load Simulation	END	1752224644841
REQUEST		Get all video games	1752224644889	1752224644940	OK	 
USER	Ramp Users Load Simulation	END	1752224644941
REQUEST		Get all video games	1752224644992	1752224645044	OK	 
USER	Ramp Users Load Simulation	END	1752224645044
REQUEST		Get all video games	1752224645099	1752224645151	OK	 
USER	Ramp Users Load Simulation	END	1752224645152
REQUEST		Get all video games	1752224645188	1752224645270	OK	 
USER	Ramp Users Load Simulation	END	1752224645271
REQUEST		Get all video games	1752224645286	1752224645392	OK	 
USER	Ramp Users Load Simulation	END	1752224645393
REQUEST		Get all video games	1752224645384	1752224645432	OK	 
USER	Ramp Users Load Simulation	END	1752224645433
REQUEST		Get all video games	1752224645490	1752224645547	OK	 
USER	Ramp Users Load Simulation	END	1752224645550
REQUEST		Get all video games	1752224645589	1752224645636	OK	 
USER	Ramp Users Load Simulation	END	1752224645638
REQUEST		Get all video games	1752224645700	1752224645751	OK	 
USER	Ramp Users Load Simulation	END	1752224645753
REQUEST		Get all video games	1752224645786	1752224645837	OK	 
USER	Ramp Users Load Simulation	END	1752224645839
REQUEST		Get all video games	1752224645894	1752224645945	OK	 
USER	Ramp Users Load Simulation	END	1752224645946
REQUEST		Get all video games	1752224645992	1752224646045	OK	 
USER	Ramp Users Load Simulation	END	1752224646047
REQUEST		Get all video games	1752224646092	1752224646145	OK	 
USER	Ramp Users Load Simulation	END	1752224646146
REQUEST		Get all video games	1752224646192	1752224646245	OK	 
USER	Ramp Users Load Simulation	END	1752224646247
REQUEST		Get all video games	1752224646294	1752224646344	OK	 
USER	Ramp Users Load Simulation	END	1752224646346
REQUEST		Get all video games	1752224646400	1752224646457	OK	 
USER	Ramp Users Load Simulation	END	1752224646459
