RUN	videogamedb.simulations.BasicLoadSimulation	basicloadsimulation	1752161108146	test	3.8.2
USER	Basic Load Simulation	START	1752161113703
USER	Basic Load Simulation	START	1752161113704
USER	Basic Load Simulation	START	1752161113703
USER	Basic Load Simulation	START	1752161113703
USER	Basic Load Simulation	START	1752161113704
USER	Basic Load Simulation	START	1752161113704
REQUEST		Get all video games	1752161113699	1752161113772	OK	 
REQUEST		Get all video games	1752161113699	1752161113797	OK	 
REQUEST		Get all video games	1752161113699	1752161113797	OK	 
REQUEST		Get all video games	1752161113699	1752161113798	OK	 
REQUEST		Get all video games	1752161113699	1752161113801	OK	 
REQUEST		Get all video games	1752161113699	1752161113814	OK	 
USER	Basic Load Simulation	START	1752161114672
REQUEST		Get all video games	1752161114670	1752161114734	OK	 
USER	Basic Load Simulation	START	1752161115672
REQUEST		Get all video games	1752161115670	1752161115740	OK	 
USER	Basic Load Simulation	START	1752161116670
REQUEST		Get all video games	1752161116669	1752161116737	OK	 
USER	Basic Load Simulation	START	1752161117672
REQUEST		Get all video games	1752161117670	1752161117742	OK	 
USER	Basic Load Simulation	START	1752161118671
REQUEST		Get all video games	1752161118670	1752161118729	OK	 
REQUEST		Get specific game	1752161118787	1752161118841	OK	 
REQUEST		Get specific game	1752161118802	1752161118860	OK	 
REQUEST		Get specific game	1752161118801	1752161118863	OK	 
REQUEST		Get specific game	1752161118801	1752161118871	OK	 
REQUEST		Get specific game	1752161118805	1752161118881	OK	 
USER	Basic Load Simulation	START	1752161119670
REQUEST		Get all video games	1752161119668	1752161119741	OK	 
REQUEST		Get specific game	1752161119736	1752161119791	OK	 
REQUEST		Get specific game	1752161118816	1752161119869	OK	 
USER	Basic Load Simulation	START	1752161120671
REQUEST		Get all video games	1752161120670	1752161120731	OK	 
REQUEST		Get specific game	1752161120743	1752161120798	OK	 
USER	Basic Load Simulation	START	1752161121671
REQUEST		Get all video games	1752161121670	1752161121742	OK	 
REQUEST		Get specific game	1752161121739	1752161121794	OK	 
USER	Basic Load Simulation	START	1752161122671
REQUEST		Get all video games	1752161122670	1752161122736	OK	 
REQUEST		Get specific game	1752161122744	1752161122844	OK	 
REQUEST		Get specific game	1752161123732	1752161123794	OK	 
REQUEST		Get all video games	1752161123842	1752161123898	OK	 
USER	Basic Load Simulation	END	1752161123900
REQUEST		Get all video games	1752161123862	1752161123918	OK	 
USER	Basic Load Simulation	END	1752161123919
REQUEST		Get all video games	1752161123872	1752161123934	OK	 
USER	Basic Load Simulation	END	1752161123934
REQUEST		Get all video games	1752161123864	1752161123936	OK	 
USER	Basic Load Simulation	END	1752161123936
REQUEST		Get all video games	1752161123882	1752161123945	OK	 
USER	Basic Load Simulation	END	1752161123945
REQUEST		Get specific game	1752161124744	1752161124819	OK	 
REQUEST		Get all video games	1752161124795	1752161124857	OK	 
USER	Basic Load Simulation	END	1752161124858
REQUEST		Get all video games	1752161124871	1752161124927	OK	 
USER	Basic Load Simulation	END	1752161124929
REQUEST		Get specific game	1752161125735	1752161125795	OK	 
REQUEST		Get all video games	1752161125801	1752161125851	OK	 
USER	Basic Load Simulation	END	1752161125854
REQUEST		Get specific game	1752161126745	1752161126812	OK	 
REQUEST		Get all video games	1752161126796	1752161126849	OK	 
USER	Basic Load Simulation	END	1752161126853
REQUEST		Get specific game	1752161127738	1752161127787	OK	 
REQUEST		Get all video games	1752161127847	1752161127900	OK	 
USER	Basic Load Simulation	END	1752161127901
REQUEST		Get all video games	1752161128796	1752161128849	OK	 
USER	Basic Load Simulation	END	1752161128851
REQUEST		Get all video games	1752161129821	1752161129876	OK	 
USER	Basic Load Simulation	END	1752161129878
REQUEST		Get all video games	1752161130796	1752161130851	OK	 
USER	Basic Load Simulation	END	1752161130852
REQUEST		Get all video games	1752161131814	1752161131866	OK	 
USER	Basic Load Simulation	END	1752161131868
REQUEST		Get all video games	1752161132788	1752161132841	OK	 
USER	Basic Load Simulation	END	1752161132843
