RUN	videogamedb.simulations.RampUsersLoadSimulation	rampusersloadsimulation	1752224764714	test	3.8.2
USER	Ramp Users Load Simulation	START	1752224770216
REQUEST		Get all video games	1752224770212	1752224770272	OK	 
USER	Ramp Users Load Simulation	START	1752224770285
REQUEST		Get all video games	1752224770284	1752224770334	OK	 
USER	Ramp Users Load Simulation	START	1752224770389
REQUEST		Get all video games	1752224770389	1752224770440	OK	 
USER	Ramp Users Load Simulation	START	1752224770490
REQUEST		Get all video games	1752224770489	1752224770534	OK	 
USER	Ramp Users Load Simulation	START	1752224770590
REQUEST		Get all video games	1752224770590	1752224770641	OK	 
USER	Ramp Users Load Simulation	START	1752224770693
REQUEST		Get all video games	1752224770692	1752224770745	OK	 
USER	Ramp Users Load Simulation	START	1752224770793
REQUEST		Get all video games	1752224770791	1752224770845	OK	 
USER	Ramp Users Load Simulation	START	1752224770894
REQUEST		Get all video games	1752224770893	1752224770945	OK	 
USER	Ramp Users Load Simulation	START	1752224770995
REQUEST		Get all video games	1752224770993	1752224771045	OK	 
USER	Ramp Users Load Simulation	START	1752224771095
REQUEST		Get all video games	1752224771093	1752224771154	OK	 
USER	Ramp Users Load Simulation	START	1752224771195
REQUEST		Get all video games	1752224771193	1752224771250	OK	 
USER	Ramp Users Load Simulation	START	1752224771287
REQUEST		Get all video games	1752224771285	1752224771338	OK	 
USER	Ramp Users Load Simulation	START	1752224771387
REQUEST		Get all video games	1752224771386	1752224771441	OK	 
USER	Ramp Users Load Simulation	START	1752224771488
REQUEST		Get all video games	1752224771487	1752224771540	OK	 
USER	Ramp Users Load Simulation	START	1752224771591
REQUEST		Get all video games	1752224771589	1752224771643	OK	 
USER	Ramp Users Load Simulation	START	1752224771691
REQUEST		Get all video games	1752224771690	1752224771746	OK	 
USER	Ramp Users Load Simulation	START	1752224771791
REQUEST		Get all video games	1752224771790	1752224771844	OK	 
USER	Ramp Users Load Simulation	START	1752224771891
REQUEST		Get all video games	1752224771890	1752224771946	OK	 
USER	Ramp Users Load Simulation	START	1752224771990
REQUEST		Get all video games	1752224771989	1752224772038	OK	 
USER	Ramp Users Load Simulation	START	1752224772095
REQUEST		Get all video games	1752224772093	1752224772147	OK	 
USER	Ramp Users Load Simulation	START	1752224772192
REQUEST		Get all video games	1752224772191	1752224772283	OK	 
USER	Ramp Users Load Simulation	START	1752224772286
REQUEST		Get all video games	1752224772285	1752224772363	OK	 
USER	Ramp Users Load Simulation	START	1752224772385
REQUEST		Get all video games	1752224772384	1752224772437	OK	 
USER	Ramp Users Load Simulation	START	1752224772486
REQUEST		Get all video games	1752224772485	1752224772535	OK	 
USER	Ramp Users Load Simulation	START	1752224772586
REQUEST		Get all video games	1752224772585	1752224772634	OK	 
USER	Ramp Users Load Simulation	START	1752224772685
REQUEST		Get all video games	1752224772685	1752224772739	OK	 
USER	Ramp Users Load Simulation	START	1752224772786
REQUEST		Get all video games	1752224772785	1752224772844	OK	 
USER	Ramp Users Load Simulation	START	1752224772887
REQUEST		Get all video games	1752224772886	1752224772938	OK	 
USER	Ramp Users Load Simulation	START	1752224772987
REQUEST		Get all video games	1752224772986	1752224773041	OK	 
USER	Ramp Users Load Simulation	START	1752224773087
REQUEST		Get all video games	1752224773086	1752224773142	OK	 
USER	Ramp Users Load Simulation	START	1752224773188
REQUEST		Get all video games	1752224773186	1752224773241	OK	 
USER	Ramp Users Load Simulation	START	1752224773286
REQUEST		Get all video games	1752224773285	1752224773341	OK	 
USER	Ramp Users Load Simulation	START	1752224773387
REQUEST		Get all video games	1752224773386	1752224773442	OK	 
USER	Ramp Users Load Simulation	START	1752224773487
REQUEST		Get all video games	1752224773486	1752224773536	OK	 
USER	Ramp Users Load Simulation	START	1752224773587
REQUEST		Get all video games	1752224773586	1752224773639	OK	 
USER	Ramp Users Load Simulation	START	1752224773685
REQUEST		Get all video games	1752224773685	1752224773746	OK	 
USER	Ramp Users Load Simulation	START	1752224773787
REQUEST		Get all video games	1752224773786	1752224773836	OK	 
USER	Ramp Users Load Simulation	START	1752224773886
REQUEST		Get all video games	1752224773886	1752224773936	OK	 
USER	Ramp Users Load Simulation	START	1752224773987
REQUEST		Get all video games	1752224773986	1752224774034	OK	 
USER	Ramp Users Load Simulation	START	1752224774087
REQUEST		Get all video games	1752224774086	1752224774140	OK	 
USER	Ramp Users Load Simulation	START	1752224774187
REQUEST		Get all video games	1752224774186	1752224774238	OK	 
USER	Ramp Users Load Simulation	START	1752224774285
REQUEST		Get all video games	1752224774284	1752224774338	OK	 
USER	Ramp Users Load Simulation	START	1752224774386
REQUEST		Get all video games	1752224774385	1752224774438	OK	 
USER	Ramp Users Load Simulation	START	1752224774486
REQUEST		Get all video games	1752224774485	1752224774534	OK	 
USER	Ramp Users Load Simulation	START	1752224774586
REQUEST		Get all video games	1752224774585	1752224774638	OK	 
USER	Ramp Users Load Simulation	START	1752224774686
REQUEST		Get all video games	1752224774686	1752224774738	OK	 
USER	Ramp Users Load Simulation	START	1752224774787
REQUEST		Get all video games	1752224774786	1752224774843	OK	 
USER	Ramp Users Load Simulation	START	1752224774886
REQUEST		Get all video games	1752224774885	1752224774941	OK	 
USER	Ramp Users Load Simulation	START	1752224774986
REQUEST		Get all video games	1752224774985	1752224775035	OK	 
USER	Ramp Users Load Simulation	START	1752224775088
REQUEST		Get all video games	1752224775086	1752224775142	OK	 
USER	Ramp Users Load Simulation	START	1752224775188
REQUEST		Get all video games	1752224775187	1752224775238	OK	 
USER	Ramp Users Load Simulation	START	1752224775286
REQUEST		Get all video games	1752224775285	1752224775338	OK	 
REQUEST		Get specific game	1752224775287	1752224775341	OK	 
USER	Ramp Users Load Simulation	START	1752224775385
REQUEST		Get specific game	1752224775335	1752224775392	OK	 
REQUEST		Get all video games	1752224775384	1752224775440	OK	 
USER	Ramp Users Load Simulation	START	1752224775486
REQUEST		Get specific game	1752224775441	1752224775495	OK	 
REQUEST		Get all video games	1752224775484	1752224775561	OK	 
USER	Ramp Users Load Simulation	START	1752224775584
REQUEST		Get specific game	1752224775537	1752224775639	OK	 
REQUEST		Get all video games	1752224775584	1752224775660	OK	 
USER	Ramp Users Load Simulation	START	1752224775685
REQUEST		Get specific game	1752224775642	1752224775693	OK	 
REQUEST		Get all video games	1752224775685	1752224775734	OK	 
USER	Ramp Users Load Simulation	START	1752224775786
REQUEST		Get specific game	1752224775747	1752224775798	OK	 
REQUEST		Get all video games	1752224775785	1752224775838	OK	 
USER	Ramp Users Load Simulation	START	1752224775885
REQUEST		Get specific game	1752224775846	1752224775894	OK	 
REQUEST		Get all video games	1752224775884	1752224775938	OK	 
USER	Ramp Users Load Simulation	START	1752224775985
REQUEST		Get specific game	1752224775948	1752224775994	OK	 
REQUEST		Get all video games	1752224775985	1752224776033	OK	 
USER	Ramp Users Load Simulation	START	1752224776086
REQUEST		Get specific game	1752224776047	1752224776100	OK	 
REQUEST		Get all video games	1752224776085	1752224776133	OK	 
USER	Ramp Users Load Simulation	START	1752224776186
REQUEST		Get specific game	1752224776156	1752224776202	OK	 
REQUEST		Get all video games	1752224776186	1752224776234	OK	 
USER	Ramp Users Load Simulation	START	1752224776285
REQUEST		Get specific game	1752224776252	1752224776302	OK	 
REQUEST		Get all video games	1752224776284	1752224776334	OK	 
USER	Ramp Users Load Simulation	START	1752224776385
REQUEST		Get specific game	1752224776340	1752224776394	OK	 
REQUEST		Get all video games	1752224776384	1752224776434	OK	 
USER	Ramp Users Load Simulation	START	1752224776484
REQUEST		Get specific game	1752224776442	1752224776497	OK	 
REQUEST		Get all video games	1752224776483	1752224776540	OK	 
USER	Ramp Users Load Simulation	START	1752224776585
REQUEST		Get specific game	1752224776541	1752224776592	OK	 
REQUEST		Get all video games	1752224776584	1752224776642	OK	 
USER	Ramp Users Load Simulation	START	1752224776685
REQUEST		Get specific game	1752224776645	1752224776697	OK	 
REQUEST		Get all video games	1752224776685	1752224776743	OK	 
USER	Ramp Users Load Simulation	START	1752224776787
REQUEST		Get specific game	1752224776748	1752224776803	OK	 
REQUEST		Get all video games	1752224776786	1752224776834	OK	 
USER	Ramp Users Load Simulation	START	1752224776886
REQUEST		Get specific game	1752224776846	1752224776897	OK	 
REQUEST		Get all video games	1752224776885	1752224776935	OK	 
USER	Ramp Users Load Simulation	START	1752224776985
REQUEST		Get specific game	1752224776950	1752224777003	OK	 
REQUEST		Get all video games	1752224776985	1752224777029	OK	 
USER	Ramp Users Load Simulation	START	1752224777086
REQUEST		Get specific game	1752224777040	1752224777087	OK	 
REQUEST		Get all video games	1752224777086	1752224777138	OK	 
USER	Ramp Users Load Simulation	START	1752224777186
REQUEST		Get specific game	1752224777149	1752224777197	OK	 
REQUEST		Get all video games	1752224777186	1752224777262	OK	 
USER	Ramp Users Load Simulation	START	1752224777285
REQUEST		Get specific game	1752224777285	1752224777337	OK	 
REQUEST		Get all video games	1752224777285	1752224777341	OK	 
USER	Ramp Users Load Simulation	START	1752224777387
REQUEST		Get specific game	1752224777365	1752224777421	OK	 
REQUEST		Get all video games	1752224777386	1752224777437	OK	 
USER	Ramp Users Load Simulation	START	1752224777487
REQUEST		Get specific game	1752224777438	1752224777487	OK	 
REQUEST		Get all video games	1752224777486	1752224777561	OK	 
USER	Ramp Users Load Simulation	START	1752224777585
REQUEST		Get specific game	1752224777538	1752224777609	OK	 
REQUEST		Get all video games	1752224777585	1752224777639	OK	 
REQUEST		Get specific game	1752224777636	1752224777686	OK	 
USER	Ramp Users Load Simulation	START	1752224777686
REQUEST		Get all video games	1752224777686	1752224777734	OK	 
USER	Ramp Users Load Simulation	START	1752224777787
REQUEST		Get specific game	1752224777741	1752224777796	OK	 
REQUEST		Get all video games	1752224777786	1752224777841	OK	 
USER	Ramp Users Load Simulation	START	1752224777886
REQUEST		Get specific game	1752224777846	1752224777900	OK	 
REQUEST		Get all video games	1752224777885	1752224777940	OK	 
USER	Ramp Users Load Simulation	START	1752224777985
REQUEST		Get specific game	1752224777941	1752224777990	OK	 
REQUEST		Get all video games	1752224777985	1752224778032	OK	 
USER	Ramp Users Load Simulation	START	1752224778087
REQUEST		Get specific game	1752224778043	1752224778096	OK	 
REQUEST		Get all video games	1752224778086	1752224778136	OK	 
USER	Ramp Users Load Simulation	START	1752224778188
REQUEST		Get specific game	1752224778143	1752224778195	OK	 
REQUEST		Get all video games	1752224778187	1752224778235	OK	 
USER	Ramp Users Load Simulation	START	1752224778285
REQUEST		Get specific game	1752224778243	1752224778290	OK	 
REQUEST		Get all video games	1752224778284	1752224778338	OK	 
USER	Ramp Users Load Simulation	START	1752224778385
REQUEST		Get specific game	1752224778342	1752224778390	OK	 
REQUEST		Get all video games	1752224778384	1752224778433	OK	 
USER	Ramp Users Load Simulation	START	1752224778484
REQUEST		Get specific game	1752224778443	1752224778488	OK	 
REQUEST		Get all video games	1752224778484	1752224778533	OK	 
USER	Ramp Users Load Simulation	START	1752224778586
REQUEST		Get specific game	1752224778538	1752224778586	OK	 
REQUEST		Get all video games	1752224778585	1752224778636	OK	 
USER	Ramp Users Load Simulation	START	1752224778686
REQUEST		Get specific game	1752224778640	1752224778687	OK	 
REQUEST		Get all video games	1752224778685	1752224778733	OK	 
USER	Ramp Users Load Simulation	START	1752224778786
REQUEST		Get specific game	1752224778747	1752224778793	OK	 
REQUEST		Get all video games	1752224778785	1752224778833	OK	 
REQUEST		Get specific game	1752224778838	1752224778885	OK	 
USER	Ramp Users Load Simulation	START	1752224778886
REQUEST		Get all video games	1752224778885	1752224778934	OK	 
USER	Ramp Users Load Simulation	START	1752224778986
REQUEST		Get specific game	1752224778937	1752224778997	OK	 
REQUEST		Get all video games	1752224778985	1752224779038	OK	 
USER	Ramp Users Load Simulation	START	1752224779085
REQUEST		Get specific game	1752224779037	1752224779087	OK	 
REQUEST		Get all video games	1752224779084	1752224779133	OK	 
USER	Ramp Users Load Simulation	START	1752224779186
REQUEST		Get specific game	1752224779142	1752224779187	OK	 
REQUEST		Get all video games	1752224779185	1752224779234	OK	 
USER	Ramp Users Load Simulation	START	1752224779284
REQUEST		Get specific game	1752224779240	1752224779289	OK	 
REQUEST		Get all video games	1752224779284	1752224779334	OK	 
USER	Ramp Users Load Simulation	START	1752224779385
REQUEST		Get specific game	1752224779339	1752224779389	OK	 
REQUEST		Get all video games	1752224779384	1752224779434	OK	 
USER	Ramp Users Load Simulation	START	1752224779486
REQUEST		Get specific game	1752224779440	1752224779487	OK	 
REQUEST		Get all video games	1752224779485	1752224779537	OK	 
REQUEST		Get specific game	1752224779536	1752224779583	OK	 
USER	Ramp Users Load Simulation	START	1752224779585
REQUEST		Get all video games	1752224779585	1752224779631	OK	 
USER	Ramp Users Load Simulation	START	1752224779685
REQUEST		Get specific game	1752224779639	1752224779686	OK	 
REQUEST		Get all video games	1752224779685	1752224779733	OK	 
USER	Ramp Users Load Simulation	START	1752224779785
REQUEST		Get specific game	1752224779740	1752224779787	OK	 
REQUEST		Get all video games	1752224779785	1752224779831	OK	 
USER	Ramp Users Load Simulation	START	1752224779885
REQUEST		Get specific game	1752224779844	1752224779896	OK	 
REQUEST		Get all video games	1752224779884	1752224779935	OK	 
USER	Ramp Users Load Simulation	START	1752224779986
REQUEST		Get specific game	1752224779943	1752224779994	OK	 
REQUEST		Get all video games	1752224779985	1752224780036	OK	 
USER	Ramp Users Load Simulation	START	1752224780088
REQUEST		Get specific game	1752224780036	1752224780090	OK	 
REQUEST		Get all video games	1752224780087	1752224780135	OK	 
USER	Ramp Users Load Simulation	START	1752224780187
REQUEST		Get specific game	1752224780143	1752224780194	OK	 
REQUEST		Get all video games	1752224780186	1752224780242	OK	 
REQUEST		Get specific game	1752224780239	1752224780292	OK	 
REQUEST		Get specific game	1752224780340	1752224780386	OK	 
REQUEST		Get all video games	1752224780342	1752224780392	OK	 
USER	Ramp Users Load Simulation	END	1752224780396
REQUEST		Get all video games	1752224780393	1752224780450	OK	 
USER	Ramp Users Load Simulation	END	1752224780452
REQUEST		Get specific game	1752224780442	1752224780494	OK	 
REQUEST		Get all video games	1752224780498	1752224780548	OK	 
USER	Ramp Users Load Simulation	END	1752224780550
REQUEST		Get specific game	1752224780562	1752224780613	OK	 
REQUEST		Get all video games	1752224780641	1752224780691	OK	 
USER	Ramp Users Load Simulation	END	1752224780693
REQUEST		Get specific game	1752224780661	1752224780709	OK	 
REQUEST		Get all video games	1752224780695	1752224780750	OK	 
USER	Ramp Users Load Simulation	END	1752224780752
REQUEST		Get specific game	1752224780736	1752224780787	OK	 
REQUEST		Get all video games	1752224780801	1752224780850	OK	 
USER	Ramp Users Load Simulation	END	1752224780851
REQUEST		Get specific game	1752224780840	1752224780885	OK	 
REQUEST		Get all video games	1752224780895	1752224780949	OK	 
USER	Ramp Users Load Simulation	END	1752224780949
REQUEST		Get specific game	1752224780939	1752224780989	OK	 
REQUEST		Get all video games	1752224780995	1752224781047	OK	 
USER	Ramp Users Load Simulation	END	1752224781048
REQUEST		Get specific game	1752224781034	1752224781081	OK	 
REQUEST		Get all video games	1752224781102	1752224781153	OK	 
USER	Ramp Users Load Simulation	END	1752224781154
USER	Ramp Users Load Simulation	START	1752224781186
REQUEST		Get specific game	1752224781134	1752224781187	OK	 
REQUEST		Get all video games	1752224781185	1752224781252	OK	 
REQUEST		Get all video games	1752224781205	1752224781285	OK	 
USER	Ramp Users Load Simulation	END	1752224781286
REQUEST		Get specific game	1752224781236	1752224781339	OK	 
REQUEST		Get all video games	1752224781304	1752224781397	OK	 
USER	Ramp Users Load Simulation	END	1752224781398
REQUEST		Get specific game	1752224781336	1752224781409	OK	 
REQUEST		Get all video games	1752224781395	1752224781447	OK	 
USER	Ramp Users Load Simulation	END	1752224781449
REQUEST		Get specific game	1752224781437	1752224781483	OK	 
REQUEST		Get all video games	1752224781499	1752224781549	OK	 
USER	Ramp Users Load Simulation	END	1752224781550
REQUEST		Get specific game	1752224781542	1752224781590	OK	 
REQUEST		Get all video games	1752224781595	1752224781701	OK	 
USER	Ramp Users Load Simulation	END	1752224781703
REQUEST		Get specific game	1752224781644	1752224781711	OK	 
REQUEST		Get all video games	1752224781700	1752224781747	OK	 
USER	Ramp Users Load Simulation	END	1752224781748
REQUEST		Get specific game	1752224781744	1752224781798	OK	 
REQUEST		Get all video games	1752224781804	1752224781856	OK	 
USER	Ramp Users Load Simulation	END	1752224781857
REQUEST		Get specific game	1752224781836	1752224781886	OK	 
REQUEST		Get all video games	1752224781899	1752224781963	OK	 
USER	Ramp Users Load Simulation	END	1752224781967
REQUEST		Get specific game	1752224781936	1752224781990	OK	 
REQUEST		Get all video games	1752224782005	1752224782061	OK	 
USER	Ramp Users Load Simulation	END	1752224782063
REQUEST		Get specific game	1752224782032	1752224782084	OK	 
REQUEST		Get all video games	1752224782090	1752224782140	OK	 
USER	Ramp Users Load Simulation	END	1752224782142
USER	Ramp Users Load Simulation	START	1752224782187
REQUEST		Get specific game	1752224782140	1752224782190	OK	 
REQUEST		Get all video games	1752224782186	1752224782236	OK	 
REQUEST		Get all video games	1752224782202	1752224782258	OK	 
USER	Ramp Users Load Simulation	END	1752224782259
REQUEST		Get specific game	1752224782264	1752224782308	OK	 
REQUEST		Get all video games	1752224782338	1752224782388	OK	 
USER	Ramp Users Load Simulation	END	1752224782389
REQUEST		Get all video games	1752224782424	1752224782476	OK	 
USER	Ramp Users Load Simulation	END	1752224782477
REQUEST		Get specific game	1752224782439	1752224782496	OK	 
REQUEST		Get all video games	1752224782489	1752224782538	OK	 
USER	Ramp Users Load Simulation	END	1752224782539
REQUEST		Get specific game	1752224782564	1752224782616	OK	 
REQUEST		Get all video games	1752224782611	1752224782658	OK	 
USER	Ramp Users Load Simulation	END	1752224782660
REQUEST		Get specific game	1752224782641	1752224782689	OK	 
REQUEST		Get all video games	1752224782687	1752224782742	OK	 
USER	Ramp Users Load Simulation	END	1752224782743
REQUEST		Get specific game	1752224782736	1752224782787	OK	 
REQUEST		Get all video games	1752224782797	1752224782847	OK	 
USER	Ramp Users Load Simulation	END	1752224782849
REQUEST		Get specific game	1752224782843	1752224782891	OK	 
REQUEST		Get all video games	1752224782902	1752224782955	OK	 
USER	Ramp Users Load Simulation	END	1752224782958
REQUEST		Get specific game	1752224782942	1752224782995	OK	 
REQUEST		Get all video games	1752224782991	1752224783047	OK	 
USER	Ramp Users Load Simulation	END	1752224783049
REQUEST		Get specific game	1752224783034	1752224783085	OK	 
REQUEST		Get all video games	1752224783099	1752224783155	OK	 
USER	Ramp Users Load Simulation	END	1752224783156
USER	Ramp Users Load Simulation	START	1752224783185
REQUEST		Get specific game	1752224783137	1752224783187	OK	 
REQUEST		Get all video games	1752224783184	1752224783240	OK	 
REQUEST		Get all video games	1752224783196	1752224783249	OK	 
USER	Ramp Users Load Simulation	END	1752224783250
REQUEST		Get specific game	1752224783236	1752224783285	OK	 
REQUEST		Get all video games	1752224783292	1752224783345	OK	 
USER	Ramp Users Load Simulation	END	1752224783347
REQUEST		Get specific game	1752224783340	1752224783388	OK	 
REQUEST		Get specific game	1752224782343	1752224783395	OK	 
REQUEST		Get all video games	1752224783392	1752224783440	OK	 
USER	Ramp Users Load Simulation	END	1752224783441
REQUEST		Get specific game	1752224783435	1752224783481	OK	 
REQUEST		Get all video games	1752224783490	1752224783538	OK	 
USER	Ramp Users Load Simulation	END	1752224783539
REQUEST		Get specific game	1752224783536	1752224783583	OK	 
REQUEST		Get all video games	1752224783588	1752224783640	OK	 
USER	Ramp Users Load Simulation	END	1752224783642
USER	Ramp Users Load Simulation	START	1752224783686
REQUEST		Get specific game	1752224783638	1752224783690	OK	 
REQUEST		Get all video games	1752224783689	1752224783741	OK	 
REQUEST		Get all video games	1752224783685	1752224783741	OK	 
USER	Ramp Users Load Simulation	END	1752224783743
REQUEST		Get specific game	1752224783735	1752224783782	OK	 
REQUEST		Get all video games	1752224783794	1752224783846	OK	 
USER	Ramp Users Load Simulation	END	1752224783847
REQUEST		Get specific game	1752224783835	1752224783884	OK	 
REQUEST		Get all video games	1752224783887	1752224783935	OK	 
USER	Ramp Users Load Simulation	END	1752224783937
REQUEST		Get specific game	1752224783936	1752224783984	OK	 
REQUEST		Get all video games	1752224783999	1752224784048	OK	 
USER	Ramp Users Load Simulation	END	1752224784049
REQUEST		Get specific game	1752224784040	1752224784088	OK	 
REQUEST		Get all video games	1752224784088	1752224784138	OK	 
USER	Ramp Users Load Simulation	END	1752224784140
USER	Ramp Users Load Simulation	START	1752224784185
REQUEST		Get specific game	1752224784135	1752224784190	OK	 
REQUEST		Get all video games	1752224784184	1752224784234	OK	 
REQUEST		Get all video games	1752224784189	1752224784242	OK	 
USER	Ramp Users Load Simulation	END	1752224784244
REQUEST		Get specific game	1752224784236	1752224784287	OK	 
REQUEST		Get all video games	1752224784291	1752224784338	OK	 
USER	Ramp Users Load Simulation	END	1752224784340
REQUEST		Get specific game	1752224784336	1752224784388	OK	 
REQUEST		Get all video games	1752224784391	1752224784438	OK	 
USER	Ramp Users Load Simulation	END	1752224784440
REQUEST		Get specific game	1752224784436	1752224784484	OK	 
REQUEST		Get all video games	1752224784489	1752224784541	OK	 
USER	Ramp Users Load Simulation	END	1752224784542
REQUEST		Get specific game	1752224784539	1752224784586	OK	 
REQUEST		Get all video games	1752224784585	1752224784636	OK	 
USER	Ramp Users Load Simulation	END	1752224784638
REQUEST		Get specific game	1752224784632	1752224784683	OK	 
USER	Ramp Users Load Simulation	START	1752224784685
REQUEST		Get all video games	1752224784684	1752224784736	OK	 
REQUEST		Get all video games	1752224784688	1752224784739	OK	 
USER	Ramp Users Load Simulation	END	1752224784740
REQUEST		Get specific game	1752224784734	1752224784781	OK	 
REQUEST		Get all video games	1752224784788	1752224784838	OK	 
USER	Ramp Users Load Simulation	END	1752224784840
REQUEST		Get specific game	1752224784835	1752224784883	OK	 
REQUEST		Get all video games	1752224784898	1752224784992	OK	 
REQUEST		Get specific game	1752224784937	1752224784994	OK	 
USER	Ramp Users Load Simulation	END	1752224784995
REQUEST		Get all video games	1752224784995	1752224785043	OK	 
USER	Ramp Users Load Simulation	END	1752224785045
REQUEST		Get specific game	1752224785037	1752224785093	OK	 
REQUEST		Get all video games	1752224785092	1752224785141	OK	 
USER	Ramp Users Load Simulation	END	1752224785142
USER	Ramp Users Load Simulation	START	1752224785186
REQUEST		Get specific game	1752224785138	1752224785189	OK	 
REQUEST		Get all video games	1752224785185	1752224785235	OK	 
REQUEST		Get all video games	1752224785196	1752224785242	OK	 
USER	Ramp Users Load Simulation	END	1752224785244
REQUEST		Get specific game	1752224785243	1752224785291	OK	 
REQUEST		Get all video games	1752224785294	1752224785341	OK	 
USER	Ramp Users Load Simulation	END	1752224785343
REQUEST		Get all video games	1752224785388	1752224785441	OK	 
USER	Ramp Users Load Simulation	END	1752224785443
REQUEST		Get all video games	1752224785496	1752224785546	OK	 
USER	Ramp Users Load Simulation	END	1752224785548
REQUEST		Get all video games	1752224785615	1752224785666	OK	 
USER	Ramp Users Load Simulation	END	1752224785668
USER	Ramp Users Load Simulation	START	1752224785686
REQUEST		Get all video games	1752224785685	1752224785732	OK	 
REQUEST		Get all video games	1752224785710	1752224785760	OK	 
USER	Ramp Users Load Simulation	END	1752224785762
REQUEST		Get all video games	1752224785788	1752224785837	OK	 
USER	Ramp Users Load Simulation	END	1752224785838
REQUEST		Get all video games	1752224785886	1752224785937	OK	 
USER	Ramp Users Load Simulation	END	1752224785938
REQUEST		Get all video games	1752224785991	1752224786044	OK	 
USER	Ramp Users Load Simulation	END	1752224786045
REQUEST		Get all video games	1752224786083	1752224786131	OK	 
USER	Ramp Users Load Simulation	END	1752224786134
USER	Ramp Users Load Simulation	START	1752224786186
REQUEST		Get all video games	1752224786185	1752224786246	OK	 
REQUEST		Get all video games	1752224786188	1752224786248	OK	 
USER	Ramp Users Load Simulation	END	1752224786249
REQUEST		Get specific game	1752224786254	1752224786312	OK	 
REQUEST		Get all video games	1752224786341	1752224786386	OK	 
USER	Ramp Users Load Simulation	END	1752224786386
REQUEST		Get all video games	1752224786411	1752224786460	OK	 
USER	Ramp Users Load Simulation	END	1752224786461
REQUEST		Get all video games	1752224786485	1752224786540	OK	 
USER	Ramp Users Load Simulation	END	1752224786542
REQUEST		Get all video games	1752224786592	1752224786644	OK	 
USER	Ramp Users Load Simulation	END	1752224786645
USER	Ramp Users Load Simulation	START	1752224786684
REQUEST		Get all video games	1752224786684	1752224786737	OK	 
REQUEST		Get all video games	1752224786714	1752224786764	OK	 
USER	Ramp Users Load Simulation	END	1752224786765
REQUEST		Get all video games	1752224786802	1752224786849	OK	 
USER	Ramp Users Load Simulation	END	1752224786850
REQUEST		Get all video games	1752224786888	1752224786939	OK	 
USER	Ramp Users Load Simulation	END	1752224786940
REQUEST		Get all video games	1752224786991	1752224787039	OK	 
USER	Ramp Users Load Simulation	END	1752224787040
REQUEST		Get all video games	1752224787086	1752224787141	OK	 
USER	Ramp Users Load Simulation	END	1752224787142
USER	Ramp Users Load Simulation	START	1752224787186
REQUEST		Get all video games	1752224787185	1752224787235	OK	 
REQUEST		Get all video games	1752224787192	1752224787243	OK	 
USER	Ramp Users Load Simulation	END	1752224787244
REQUEST		Get specific game	1752224787237	1752224787297	OK	 
REQUEST		Get all video games	1752224787310	1752224787365	OK	 
USER	Ramp Users Load Simulation	END	1752224787368
USER	Ramp Users Load Simulation	START	1752224787519
REQUEST		Get all video games	1752224787499	1752224787613	OK	 
USER	Ramp Users Load Simulation	END	1752224787614
REQUEST		Get all video games	1752224787518	1752224787623	OK	 
REQUEST		Get all video games	1752224787619	1752224787730	OK	 
USER	Ramp Users Load Simulation	END	1752224787732
REQUEST		Get all video games	1752224787691	1752224787766	OK	 
USER	Ramp Users Load Simulation	END	1752224787768
REQUEST		Get all video games	1752224787788	1752224787840	OK	 
USER	Ramp Users Load Simulation	END	1752224787841
USER	Ramp Users Load Simulation	START	1752224787851
REQUEST		Get all video games	1752224787851	1752224787905	OK	 
REQUEST		Get all video games	1752224787893	1752224787943	OK	 
USER	Ramp Users Load Simulation	END	1752224787945
REQUEST		Get all video games	1752224787997	1752224788053	OK	 
USER	Ramp Users Load Simulation	END	1752224788055
REQUEST		Get all video games	1752224788086	1752224788136	OK	 
USER	Ramp Users Load Simulation	END	1752224788137
USER	Ramp Users Load Simulation	START	1752224788186
REQUEST		Get all video games	1752224788189	1752224788238	OK	 
REQUEST		Get all video games	1752224788185	1752224788239	OK	 
USER	Ramp Users Load Simulation	END	1752224788240
REQUEST		Get specific game	1752224788241	1752224788288	OK	 
REQUEST		Get all video games	1752224788287	1752224788341	OK	 
USER	Ramp Users Load Simulation	END	1752224788342
REQUEST		Get all video games	1752224788389	1752224788434	OK	 
USER	Ramp Users Load Simulation	END	1752224788435
REQUEST		Get all video games	1752224788397	1752224788442	OK	 
USER	Ramp Users Load Simulation	END	1752224788443
USER	Ramp Users Load Simulation	START	1752224788517
REQUEST		Get all video games	1752224788484	1752224788535	OK	 
USER	Ramp Users Load Simulation	END	1752224788536
REQUEST		Get all video games	1752224788517	1752224788564	OK	 
REQUEST		Get all video games	1752224788586	1752224788638	OK	 
USER	Ramp Users Load Simulation	END	1752224788640
REQUEST		Get all video games	1752224788692	1752224788747	OK	 
USER	Ramp Users Load Simulation	END	1752224788748
REQUEST		Get specific game	1752224788743	1752224788789	OK	 
REQUEST		Get all video games	1752224788783	1752224788847	OK	 
USER	Ramp Users Load Simulation	END	1752224788848
USER	Ramp Users Load Simulation	START	1752224788852
REQUEST		Get all video games	1752224788851	1752224788912	OK	 
REQUEST		Get all video games	1752224788887	1752224788936	OK	 
USER	Ramp Users Load Simulation	END	1752224788938
REQUEST		Get all video games	1752224788986	1752224789037	OK	 
USER	Ramp Users Load Simulation	END	1752224789038
REQUEST		Get all video games	1752224789090	1752224789139	OK	 
USER	Ramp Users Load Simulation	END	1752224789140
USER	Ramp Users Load Simulation	START	1752224789186
REQUEST		Get all video games	1752224789185	1752224789243	OK	 
REQUEST		Get all video games	1752224789191	1752224789243	OK	 
USER	Ramp Users Load Simulation	END	1752224789244
REQUEST		Get specific game	1752224789237	1752224789289	OK	 
REQUEST		Get all video games	1752224789288	1752224789370	OK	 
USER	Ramp Users Load Simulation	END	1752224789371
REQUEST		Get all video games	1752224789390	1752224789441	OK	 
USER	Ramp Users Load Simulation	END	1752224789442
USER	Ramp Users Load Simulation	START	1752224789518
REQUEST		Get all video games	1752224789486	1752224789538	OK	 
USER	Ramp Users Load Simulation	END	1752224789539
REQUEST		Get all video games	1752224789517	1752224789566	OK	 
REQUEST		Get all video games	1752224789588	1752224789641	OK	 
USER	Ramp Users Load Simulation	END	1752224789643
REQUEST		Get all video games	1752224789684	1752224789736	OK	 
USER	Ramp Users Load Simulation	END	1752224789737
REQUEST		Get specific game	1752224789738	1752224789790	OK	 
REQUEST		Get all video games	1752224789782	1752224789834	OK	 
USER	Ramp Users Load Simulation	END	1752224789836
USER	Ramp Users Load Simulation	START	1752224789851
REQUEST		Get all video games	1752224789850	1752224789900	OK	 
REQUEST		Get all video games	1752224789884	1752224789938	OK	 
USER	Ramp Users Load Simulation	END	1752224789939
REQUEST		Get all video games	1752224789996	1752224790046	OK	 
USER	Ramp Users Load Simulation	END	1752224790047
REQUEST		Get all video games	1752224790095	1752224790144	OK	 
USER	Ramp Users Load Simulation	END	1752224790145
USER	Ramp Users Load Simulation	START	1752224790185
REQUEST		Get all video games	1752224790184	1752224790234	OK	 
REQUEST		Get all video games	1752224790191	1752224790248	OK	 
USER	Ramp Users Load Simulation	END	1752224790250
REQUEST		Get specific game	1752224790236	1752224790284	OK	 
REQUEST		Get all video games	1752224790293	1752224790342	OK	 
USER	Ramp Users Load Simulation	END	1752224790343
USER	Ramp Users Load Simulation	START	1752224790519
REQUEST		Get all video games	1752224790518	1752224790566	OK	 
REQUEST		Get specific game	1752224790734	1752224790779	OK	 
USER	Ramp Users Load Simulation	START	1752224790852
REQUEST		Get all video games	1752224790852	1752224790899	OK	 
USER	Ramp Users Load Simulation	START	1752224791187
REQUEST		Get all video games	1752224791186	1752224791234	OK	 
REQUEST		Get specific game	1752224791249	1752224791299	OK	 
REQUEST		Get all video games	1752224791313	1752224791377	OK	 
USER	Ramp Users Load Simulation	END	1752224791378
USER	Ramp Users Load Simulation	START	1752224791518
REQUEST		Get all video games	1752224791518	1752224791567	OK	 
REQUEST		Get specific game	1752224791738	1752224791790	OK	 
USER	Ramp Users Load Simulation	START	1752224791852
REQUEST		Get all video games	1752224791851	1752224791902	OK	 
USER	Ramp Users Load Simulation	START	1752224792186
REQUEST		Get all video games	1752224792185	1752224792241	OK	 
REQUEST		Get specific game	1752224792236	1752224792284	OK	 
REQUEST		Get all video games	1752224792302	1752224792360	OK	 
USER	Ramp Users Load Simulation	END	1752224792364
USER	Ramp Users Load Simulation	START	1752224792519
REQUEST		Get all video games	1752224792518	1752224792569	OK	 
REQUEST		Get specific game	1752224792625	1752224792671	OK	 
USER	Ramp Users Load Simulation	START	1752224792852
REQUEST		Get all video games	1752224792852	1752224792907	OK	 
REQUEST		Get specific game	1752224792907	1752224792955	OK	 
USER	Ramp Users Load Simulation	START	1752224793185
REQUEST		Get all video games	1752224793185	1752224793241	OK	 
REQUEST		Get specific game	1752224793241	1752224793293	OK	 
REQUEST		Get all video games	1752224793291	1752224793384	OK	 
USER	Ramp Users Load Simulation	END	1752224793386
USER	Ramp Users Load Simulation	START	1752224793437
REQUEST		Get all video games	1752224793437	1752224793487	OK	 
REQUEST		Get specific game	1752224793566	1752224793619	OK	 
USER	Ramp Users Load Simulation	START	1752224793687
REQUEST		Get all video games	1752224793686	1752224793741	OK	 
USER	Ramp Users Load Simulation	START	1752224793938
REQUEST		Get all video games	1752224793791	1752224793950	OK	 
USER	Ramp Users Load Simulation	END	1752224793951
REQUEST		Get specific game	1752224793914	1752224793962	OK	 
REQUEST		Get all video games	1752224793937	1752224793985	OK	 
USER	Ramp Users Load Simulation	START	1752224794188
REQUEST		Get all video games	1752224794187	1752224794240	OK	 
REQUEST		Get specific game	1752224794244	1752224794290	OK	 
REQUEST		Get all video games	1752224794291	1752224794346	OK	 
USER	Ramp Users Load Simulation	END	1752224794348
USER	Ramp Users Load Simulation	START	1752224794435
REQUEST		Get all video games	1752224794434	1752224794483	OK	 
REQUEST		Get specific game	1752224794567	1752224794614	OK	 
USER	Ramp Users Load Simulation	START	1752224794685
REQUEST		Get all video games	1752224794684	1752224794733	OK	 
REQUEST		Get all video games	1752224794792	1752224794840	OK	 
USER	Ramp Users Load Simulation	END	1752224794842
USER	Ramp Users Load Simulation	START	1752224794936
REQUEST		Get specific game	1752224794902	1752224794953	OK	 
REQUEST		Get all video games	1752224794935	1752224795016	OK	 
USER	Ramp Users Load Simulation	START	1752224795188
REQUEST		Get all video games	1752224795185	1752224795237	OK	 
REQUEST		Get specific game	1752224795237	1752224795283	OK	 
REQUEST		Get all video games	1752224795286	1752224795349	OK	 
USER	Ramp Users Load Simulation	END	1752224795350
USER	Ramp Users Load Simulation	START	1752224795436
REQUEST		Get all video games	1752224795435	1752224795491	OK	 
REQUEST		Get specific game	1752224795569	1752224795615	OK	 
USER	Ramp Users Load Simulation	START	1752224795685
REQUEST		Get all video games	1752224795684	1752224795739	OK	 
REQUEST		Get all video games	1752224795781	1752224795834	OK	 
USER	Ramp Users Load Simulation	END	1752224795835
USER	Ramp Users Load Simulation	START	1752224795936
REQUEST		Get specific game	1752224795902	1752224795954	OK	 
REQUEST		Get all video games	1752224795936	1752224795986	OK	 
USER	Ramp Users Load Simulation	START	1752224796186
REQUEST		Get all video games	1752224796185	1752224796236	OK	 
REQUEST		Get specific game	1752224796236	1752224796293	OK	 
REQUEST		Get all video games	1752224796301	1752224796350	OK	 
USER	Ramp Users Load Simulation	END	1752224796351
USER	Ramp Users Load Simulation	START	1752224796435
REQUEST		Get all video games	1752224796434	1752224796486	OK	 
REQUEST		Get specific game	1752224796569	1752224796619	OK	 
USER	Ramp Users Load Simulation	START	1752224796685
REQUEST		Get all video games	1752224796685	1752224796734	OK	 
REQUEST		Get all video games	1752224796793	1752224796853	OK	 
USER	Ramp Users Load Simulation	END	1752224796854
USER	Ramp Users Load Simulation	START	1752224796937
REQUEST		Get specific game	1752224796903	1752224796951	OK	 
REQUEST		Get all video games	1752224796936	1752224796987	OK	 
USER	Ramp Users Load Simulation	START	1752224797186
REQUEST		Get all video games	1752224797185	1752224797235	OK	 
REQUEST		Get specific game	1752224797244	1752224797295	OK	 
REQUEST		Get all video games	1752224797286	1752224797337	OK	 
USER	Ramp Users Load Simulation	END	1752224797338
USER	Ramp Users Load Simulation	START	1752224797385
REQUEST		Get all video games	1752224797385	1752224797434	OK	 
USER	Ramp Users Load Simulation	START	1752224797585
REQUEST		Get specific game	1752224797571	1752224797622	OK	 
REQUEST		Get all video games	1752224797584	1752224797632	OK	 
REQUEST		Get all video games	1752224797673	1752224797729	OK	 
USER	Ramp Users Load Simulation	END	1752224797732
USER	Ramp Users Load Simulation	START	1752224797786
REQUEST		Get all video games	1752224797785	1752224797838	OK	 
REQUEST		Get specific game	1752224797908	1752224797956	OK	 
USER	Ramp Users Load Simulation	START	1752224797985
REQUEST		Get all video games	1752224797957	1752224798004	OK	 
USER	Ramp Users Load Simulation	END	1752224798005
REQUEST		Get all video games	1752224797985	1752224798032	OK	 
USER	Ramp Users Load Simulation	START	1752224798186
REQUEST		Get all video games	1752224798185	1752224798240	OK	 
REQUEST		Get specific game	1752224798243	1752224798296	OK	 
REQUEST		Get all video games	1752224798296	1752224798344	OK	 
USER	Ramp Users Load Simulation	END	1752224798345
USER	Ramp Users Load Simulation	START	1752224798385
REQUEST		Get all video games	1752224798384	1752224798438	OK	 
REQUEST		Get specific game	1752224798490	1752224798535	OK	 
USER	Ramp Users Load Simulation	START	1752224798585
REQUEST		Get all video games	1752224798584	1752224798633	OK	 
REQUEST		Get all video games	1752224798621	1752224798668	OK	 
USER	Ramp Users Load Simulation	END	1752224798670
USER	Ramp Users Load Simulation	START	1752224798785
REQUEST		Get specific game	1752224798743	1752224798791	OK	 
REQUEST		Get all video games	1752224798784	1752224798836	OK	 
USER	Ramp Users Load Simulation	START	1752224798986
REQUEST		Get all video games	1752224798964	1752224799014	OK	 
USER	Ramp Users Load Simulation	END	1752224799016
REQUEST		Get specific game	1752224798986	1752224799035	OK	 
REQUEST		Get all video games	1752224798985	1752224799037	OK	 
USER	Ramp Users Load Simulation	START	1752224799186
REQUEST		Get all video games	1752224799185	1752224799235	OK	 
REQUEST		Get specific game	1752224799242	1752224799292	OK	 
REQUEST		Get all video games	1752224799293	1752224799341	OK	 
USER	Ramp Users Load Simulation	END	1752224799342
USER	Ramp Users Load Simulation	START	1752224799386
REQUEST		Get all video games	1752224799385	1752224799437	OK	 
REQUEST		Get specific game	1752224799485	1752224799557	OK	 
USER	Ramp Users Load Simulation	START	1752224799586
REQUEST		Get all video games	1752224799585	1752224799665	OK	 
REQUEST		Get all video games	1752224799617	1752224799703	OK	 
USER	Ramp Users Load Simulation	END	1752224799704
REQUEST		Get specific game	1752224799736	1752224799780	OK	 
USER	Ramp Users Load Simulation	START	1752224799785
REQUEST		Get all video games	1752224799785	1752224799832	OK	 
USER	Ramp Users Load Simulation	START	1752224799988
REQUEST		Get all video games	1752224799954	1752224800004	OK	 
USER	Ramp Users Load Simulation	END	1752224800005
REQUEST		Get all video games	1752224799987	1752224800035	OK	 
REQUEST		Get specific game	1752224800018	1752224800066	OK	 
REQUEST		Get specific game	1752224800239	1752224800286	OK	 
REQUEST		Get all video games	1752224800285	1752224800334	OK	 
USER	Ramp Users Load Simulation	END	1752224800336
REQUEST		Get specific game	1752224800493	1752224800544	OK	 
REQUEST		Get all video games	1752224800617	1752224800670	OK	 
USER	Ramp Users Load Simulation	END	1752224800671
REQUEST		Get specific game	1752224800741	1752224800789	OK	 
REQUEST		Get all video games	1752224800956	1752224801008	OK	 
USER	Ramp Users Load Simulation	END	1752224801010
REQUEST		Get specific game	1752224800988	1752224801035	OK	 
REQUEST		Get specific game	1752224801238	1752224801284	OK	 
REQUEST		Get all video games	1752224801294	1752224801349	OK	 
USER	Ramp Users Load Simulation	END	1752224801350
REQUEST		Get specific game	1752224801487	1752224801536	OK	 
REQUEST		Get all video games	1752224801621	1752224801670	OK	 
USER	Ramp Users Load Simulation	END	1752224801672
REQUEST		Get specific game	1752224801735	1752224801784	OK	 
REQUEST		Get all video games	1752224801953	1752224802002	OK	 
USER	Ramp Users Load Simulation	END	1752224802003
REQUEST		Get specific game	1752224801989	1752224802036	OK	 
REQUEST		Get specific game	1752224802238	1752224802288	OK	 
REQUEST		Get all video games	1752224802297	1752224802347	OK	 
USER	Ramp Users Load Simulation	END	1752224802348
REQUEST		Get specific game	1752224802435	1752224802478	OK	 
REQUEST		Get all video games	1752224802623	1752224802676	OK	 
USER	Ramp Users Load Simulation	END	1752224802678
REQUEST		Get specific game	1752224802634	1752224802749	OK	 
REQUEST		Get specific game	1752224802839	1752224802883	OK	 
REQUEST		Get all video games	1752224802958	1752224803007	OK	 
USER	Ramp Users Load Simulation	END	1752224803009
REQUEST		Get specific game	1752224803035	1752224803081	OK	 
REQUEST		Get specific game	1752224803242	1752224803349	OK	 
REQUEST		Get all video games	1752224803299	1752224803361	OK	 
USER	Ramp Users Load Simulation	END	1752224803363
REQUEST		Get specific game	1752224803440	1752224803491	OK	 
REQUEST		Get all video games	1752224803537	1752224803589	OK	 
USER	Ramp Users Load Simulation	END	1752224803592
REQUEST		Get specific game	1752224803634	1752224803700	OK	 
REQUEST		Get all video games	1752224803792	1752224803842	OK	 
USER	Ramp Users Load Simulation	END	1752224803843
REQUEST		Get specific game	1752224803838	1752224803888	OK	 
REQUEST		Get specific game	1752224804038	1752224804092	OK	 
REQUEST		Get all video games	1752224804037	1752224804092	OK	 
USER	Ramp Users Load Simulation	END	1752224804093
REQUEST		Get specific game	1752224804237	1752224804290	OK	 
REQUEST		Get all video games	1752224804294	1752224804348	OK	 
USER	Ramp Users Load Simulation	END	1752224804348
REQUEST		Get specific game	1752224804439	1752224804490	OK	 
REQUEST		Get all video games	1752224804559	1752224804608	OK	 
USER	Ramp Users Load Simulation	END	1752224804609
REQUEST		Get specific game	1752224804700	1752224804755	OK	 
REQUEST		Get all video games	1752224804781	1752224804836	OK	 
USER	Ramp Users Load Simulation	END	1752224804837
REQUEST		Get specific game	1752224804833	1752224804883	OK	 
REQUEST		Get specific game	1752224805038	1752224805093	OK	 
REQUEST		Get all video games	1752224805068	1752224805118	OK	 
USER	Ramp Users Load Simulation	END	1752224805120
REQUEST		Get all video games	1752224805289	1752224805340	OK	 
USER	Ramp Users Load Simulation	END	1752224805342
REQUEST		Get all video games	1752224805546	1752224805595	OK	 
USER	Ramp Users Load Simulation	END	1752224805596
REQUEST		Get all video games	1752224805790	1752224805839	OK	 
USER	Ramp Users Load Simulation	END	1752224805840
REQUEST		Get all video games	1752224806037	1752224806083	OK	 
USER	Ramp Users Load Simulation	END	1752224806085
REQUEST		Get all video games	1752224806285	1752224806340	OK	 
USER	Ramp Users Load Simulation	END	1752224806342
REQUEST		Get all video games	1752224806537	1752224806590	OK	 
USER	Ramp Users Load Simulation	END	1752224806591
REQUEST		Get all video games	1752224806786	1752224806841	OK	 
USER	Ramp Users Load Simulation	END	1752224806842
REQUEST		Get all video games	1752224807038	1752224807093	OK	 
USER	Ramp Users Load Simulation	END	1752224807094
REQUEST		Get all video games	1752224807291	1752224807372	OK	 
USER	Ramp Users Load Simulation	END	1752224807374
REQUEST		Get all video games	1752224807481	1752224807572	OK	 
USER	Ramp Users Load Simulation	END	1752224807574
REQUEST		Get all video games	1752224807751	1752224807805	OK	 
USER	Ramp Users Load Simulation	END	1752224807807
REQUEST		Get all video games	1752224807885	1752224807937	OK	 
USER	Ramp Users Load Simulation	END	1752224807939
REQUEST		Get all video games	1752224808084	1752224808129	OK	 
USER	Ramp Users Load Simulation	END	1752224808131
REQUEST		Get all video games	1752224808351	1752224808406	OK	 
USER	Ramp Users Load Simulation	END	1752224808407
REQUEST		Get all video games	1752224808493	1752224808542	OK	 
USER	Ramp Users Load Simulation	END	1752224808543
REQUEST		Get all video games	1752224808706	1752224808758	OK	 
USER	Ramp Users Load Simulation	END	1752224808759
REQUEST		Get all video games	1752224808890	1752224808939	OK	 
USER	Ramp Users Load Simulation	END	1752224808939
REQUEST		Get all video games	1752224809094	1752224809143	OK	 
USER	Ramp Users Load Simulation	END	1752224809145
REQUEST		Get all video games	1752224809294	1752224809343	OK	 
USER	Ramp Users Load Simulation	END	1752224809344
REQUEST		Get all video games	1752224809492	1752224809537	OK	 
USER	Ramp Users Load Simulation	END	1752224809538
REQUEST		Get all video games	1752224809757	1752224809809	OK	 
USER	Ramp Users Load Simulation	END	1752224809810
REQUEST		Get all video games	1752224809885	1752224809932	OK	 
USER	Ramp Users Load Simulation	END	1752224809933
REQUEST		Get all video games	1752224810095	1752224810143	OK	 
USER	Ramp Users Load Simulation	END	1752224810144
